<?xml version="1.0" encoding="UTF-8"?>
<!-- Generated by org.testng.reporters.JUnitReportReporter -->
<testsuite hostname="DESKTOP-QKUP3QK" failures="0" tests="1" name="tests.ManagerCreateNewKRA" time="11.554" errors="0" timestamp="2025-09-11T10:10:22 IST" skipped="0">
  <testcase classname="tests.ManagerCreateNewKRA" name="verifyValidLogin" time="11.554"/>
</testsuite> <!-- tests.ManagerCreateNewKRA -->
