<?xml version="1.0" encoding="UTF-8"?>
<!-- Generated by org.testng.reporters.JUnitReportReporter -->
<testsuite hostname="DESKTOP-QKUP3QK" failures="0" tests="1" name="tests.ManagerDashboardTest" time="20.201" errors="0" timestamp="2025-09-09T17:15:35 IST" skipped="0">
  <testcase classname="tests.ManagerDashboardTest" name="verifyValidLogin" time="20.201"/>
</testsuite> <!-- tests.ManagerDashboardTest -->
