<?xml version="1.0" encoding="UTF-8"?>
<!-- Generated by org.testng.reporters.JUnitReportReporter -->
<testsuite hostname="TEK-CPU-53" failures="0" tests="1" name="tests.LoginTest" time="1.841" errors="0" timestamp="2025-09-05T18:02:15 IST" skipped="0">
  <testcase classname="tests.LoginTest" name="verifyValidLogin" time="1.841"/>
  <system-out/>
</testsuite> <!-- tests.LoginTest -->
