<?xml version="1.0" encoding="UTF-8"?>
<!-- Generated by org.testng.reporters.JUnitReportReporter -->
<testsuite hostname="DESKTOP-QKUP3QK" failures="0" tests="1" name="tests.ManagerDashboardTest" time="30.238" errors="0" timestamp="2025-09-11T12:57:26 IST" skipped="0">
  <testcase classname="tests.ManagerDashboardTest" name="verifyValidLogin" time="30.238"/>
</testsuite> <!-- tests.ManagerDashboardTest -->
