<?xml version="1.0" encoding="UTF-8"?>
<!-- Generated by org.testng.reporters.JUnitReportReporter -->
<testsuite hostname="TEK-CPU-53" failures="0" tests="1" name="tests.ManagerLoginPage" time="25.160" errors="0" timestamp="2025-09-08T12:26:26 IST" skipped="0">
  <testcase classname="tests.ManagerLoginPage" name="applyLeavesForUsers" time="25.160"/>
  <system-out/>
</testsuite> <!-- tests.ManagerLoginPage -->
