<?xml version="1.0" encoding="UTF-8"?>
<!-- Generated by org.testng.reporters.JUnitReportReporter -->
<testsuite hostname="DESKTOP-QKUP3QK" failures="0" tests="1" name="tests.ManagerInprogressViewDetailsStatusTest" time="10.562" errors="0" timestamp="2025-09-11T15:59:14 IST" skipped="0">
  <testcase classname="tests.ManagerInprogressViewDetailsStatusTest" name="verifyValidLogin" time="10.562"/>
</testsuite> <!-- tests.ManagerInprogressViewDetailsStatusTest -->
