<?xml version="1.0" encoding="UTF-8"?>
<!-- Generated by org.testng.reporters.JUnitReportReporter -->
<testsuite hostname="DESKTOP-QKUP3QK" failures="0" tests="1" name="tests.ManagerDashboardRecordCountsTest" time="32.853" errors="0" timestamp="2025-09-11T16:29:12 IST" skipped="0">
  <testcase classname="tests.ManagerDashboardRecordCountsTest" name="verifyValidLogin" time="32.853"/>
</testsuite> <!-- tests.ManagerDashboardRecordCountsTest -->
